[   0.000000] Lux versin 15.0-60-generic (buildd@lgw01-amd64030) (gcc version 7.4.0 Ubuntu 7.4.0-1uunu1~18.041) #67-Ubuntu SMP Thu Aug 22 16:55:30 UTC 2019 (Ubuntu 4.15.0-60.67-generic 4.15.18)
[    0.000000] Command line: BOOT_IMAGE=/boot/vmlinuz-4.15.0-60-generic root=LABEL=cloudimg-rootfs ro console=tty1 console=ttyS0
[    0.000000] KERNEL supported cpus:
[    0.000000]   Intel GenuineIntel
[    0.000000]   AMD AuthenticAMD
[    0.000000]   Centaur CentaurHauls
[    0.000000] x86/fpu: Supporting XSAVE feature 0x001: 'x87 floating point registers'
[    0.000000] x86/fpu: Supporting XSAVE feature 0x002: 'SSE registers'
[    0.000000] x86/fpu: Supporting XSAVE feature 0x004: 'AVX registers'
[    0.000000] x86/fpu: xstate_offset[2]:  576, xstate_sizes[2]:  256
[    0.000000] x86/fpu: Enabled xstate features 0x7, context size is 832 bytes, using 'standard' format.
[    0.000000] e820: BIOS-provided physical RAM map:
[    0.000000] BIOS-e820: [mem 0x0000000000000000-0x000000000009fbff] usable
[    0.000000] BIOS-e820: [mem 0x000000000009fc00-0x000000000009ffff] reserved
[    0.000000] BIOS-e820: [mem 0x00000000000f0000-0x00000000000fffff] reserved
[    0.000000] BIOS-e820: [mem 0x0000000000100000-0x000000003ffeffff] usable
[    0.000000] BIOS-e820: [mem 0x000000003fff0000-0x000000003fffffff] ACPI data
[    0.000000] BIOS-e820: [mem 0x00000000fec00000-0x00000000fec00fff] reserved
[    0.000000] BIOS-e820: [mem 0x00000000fee00000-0x00000000fee00fff] reserved
[    0.000000] BIOS-e820: [mem 0x00000000fffc0000-0x00000000ffffffff] reserved
[    0.000000] NX (Execute Disable) protection: active
[    0.000000] SMBIOS 2.5 present.
[    0.000000] DMI: innotek GmbH VirtualBox/VirtualBox, BIOS VirtualBox 12/01/2006
[    0.000000] Hypervisor detected: KVM
[    0.000000] e820: last_pfn = 0x3fff0 max_arch_pfn = 0x400000000
[    0.000000] MTRR: Disabled
[    0.000000] x86/PAT: MTRRs disabled, skipping PAT initialization too.
[    0.000000] CPU MTRRs all blank - virtualized system.
[    0.000000] x86/PAT: Configuration [0-7]: WB  WT  UC- UC  WB  WT  UC- UC  
[    0.000000] found SMP MP-table at [mem 0x0009fff0-0x0009ffff]
[   0.000000 Scanning 1 areas folow memory crrupio
[    0.000] RAMDISK: [em 0x3597900-0x36cb3fff]
[    0.000] ACPI: Early table checksum verification disabled
[    0.000000] ACPI: RSDP 0x00000000000E0000 000024 (v02 VBOX  )
[    0.000000] ACPI: XSDT 0x000000003FFF0030 00003C (v01 VBOX   VBOXXSDT 00000001 ASL  00000061)
[    0.000000] ACPI: FACP 0x000000003FFF00F0 0000F4 (v04 VBOX   VBOXFACP 00000001 ASL  00000061)
[    0.000000] ACPI: DSDT 0x000000003FFF0470 0021FF (v02 VBOX   VBOXBIOS 00000002 INTL 20100528)
[    0.000000] ACPI: FACS 0x000000003FFFF0200 000040
[    0.000000] ACPI: FACS 0x0000003FFF0200 000040
[    0.000000] ACPI: APIC 0x000000003FFF0240 00005C (v02 VBOX   VBOXAPIC 00000001 ASL  00000061)
[    0.000000] ACPI: SSDT 0x000000003FFF02A0 0001CC (v01 VBOX   VBOXCPUT 00000002 INT 201528)
    0.00000]No NUMA configuration found
[   0.00000]aking a noe at [memx000000000000-0x000000003ffeffff]
[    0.00000] DE_DATA(0) aocated [mem 0x3ffc5000-0x3ffeffff]
[    0.000000] kvm-clock: cpu 0, msr 0:3ff44001, primary cpu clock
[    0.000000] kvm-clock: Using msrs 4b564d01 and 4b564d00
[    0.000000] kvm-clock: using sched offset of 3888201039 cycles
[    0.000000] clocksource: kvm-clock: mask: 0xffffffffffffffff max_cycles: 0x1cd42e4dffb, max_idle_ns: 881590591483 ns
[    0.000000] Zone ranges:
[    0.000000]   DMA      [mem 0x0000000000001000-0x0000000000ffffff]
[   0.000000]   DMA32    [mem 0x0000000001000000-0x000000003ffeffff]
[    0.000000]   Normal   empty
[    0.000000]   Device   empty
[    0.000000] Movable zone start for each node
[    0.000000] Early memory node ranges
[    0.000000]   node   0: [mem 0x0000000000001000-0x000000000009efff]
[    0.000000]   node   0: [mem 0x0000000000100000-0x000000003ffeffff]
[    0.000000] Reserved but unavailable: 98 pages
[    0.000000] Initmem setup node 0 [mem 0x0000000000001000-0x000000003ffeffff]
[    0.000000] ACPI: PM-Timer IO Port: 0x4008
[    0.000000] IOAPIC[0]: apic_id 2, version 32, address 0xfec00000, GSI 0-23
[    0.000000] ACPI: INT_SRC_OVR (bus 0 bs_irq 0 glal_irq 2 dflfl
[  0000000 AI: INT_SROVR us 0 bus_irq 9 global_irq 9 low level)
[    0.000000] Using ACPI (MADT) for SMP configuration information
[    0.000000] smpboot: Allowing 2 CPUs, 0 hotplug CPUs
[    0.000000] PM: Registered nosave memory: [mem 0x00000000-0x00000fff]
[    0.000000] PM: Registered nosave memory: [mem 0x0009f000-0x0009ffff]
    0.0000 PM: Registered osve memory:[mm 0x000a00-0000efff]
[   0.00000]M: Registerednosave memory: [mm x00000-0x000fff]
[   .00000] e820 [em 0x4400000-0xfebfffff] available for PCI devices
[    0.000000] Booting paravirtualized kernel on KVM
[    0.000000] clocksource: refined-jiffies: mask: 0xffffffff max_cycles: 0xffffffff, max_idle_ns: 7645519600211568 ns
[    0.000000] random: get_ndm_bytes cled frm art_kene0x99/04f wth cngint=0   0.000] setu_pcpu: NR_US8192nrcpmaskit:2 n_cu_ds:2 nnoe_ids:
[   0.000000] percpu: mbded 46ag/cpu s1555 r192 d28672 u1048576
[    0.000000] PV qspinlock hash table entries: 256 (order: 0, 4096 bytes)
[    0.000000] Built 1 zonelists, mobility grouping on.  Total pages: 257913
[    0.000000] Policy zone: DMA32
[    0.000000] Kernel command line: BOOT_IMAGE=/boot/vmlinuz-4.15.0-60-generic root=LABEL=cloudimg-rootfs ro console=tty1 console=ttyS0
[    0.000000] Memory: 982892K/1048120K available (12300K kernel code, 2481K rwdata, 4172K rodata, 2436K init, 2384K bss, 65228K reserved, 0K cma-reserved)
[    0.000000] SLUB: HWalign=64, Order=0-3, MinObjects=0, CPUs=2, Nodes=1
[    0.000000] Kernel/User page tables isolation: enabled
[    0.000000] ftrace: allocating 39306 entries in 154 pages
[    0.004000] Hierarchical RCU implementation.
[    0.004000] 	RCU restricting CPUs from NR_CPUS=8192 to nr_cpu_ids=2.
[    0.004000] 	Tasks RCU enabled.
[    0.004000] RCU: Adjusting geometry for rcu_fanout_leaf=16, nrcpu_ids=2
[    0.004000] NR_IRQS: 524544, nr_irqs: 440, preallocated irqs: 16
[    0.004000] Console: colour VGA+ 80x25
[    0.004000] console [tty1] enabled
[    0.004000] console [ttyS0] enabled
[    0.004000] ACPI: Core revision 20170831
[    0.004000] ACPI: 2 ACPI AML tables successfully acquired and loaded
[    0.004000] APIC: Switch to symmetric I/O mode setup
[    0.004000] x2apic enabled
[    0.004000] Switched APIC routing to physical x2apic.
[    0.004000] ..TIMER: vector=0x30 apic1=0 pin1=2 apic2=-1 pin2=-1
[    0.004008] tsc: Detected 1392.000 MHz processor
[    0.008013] Calibrating delay loop (skipped) preset value.. 2784.00 BogoMIPS (lpj=5568000)
[    0.009724] pid_max: default: 32768 minimum: 301
[    0.010715] Security Framework initialized
[    0.011573] Yama: becoming mindful.
[    0.012021] AppArmor: AppArmor initialized
[    0.017393] Dentry cache hash table entries: 131072 (order: 8, 1048576 bytes)
[    0.020083] Inode-cache hash table entries: 65536 (order: 7, 524288 bytes)
[    0.024033] Mount-cache hash table entries: 2048 (order: 2, 16384 bytes)
[    0.028012] Mountpoint-cache hash table entries: 2048 (order: 2, 16384 bytes)
[    0.032223] Last level iTLB entries: 4KB 64, 2MB 8, 4MB 8
[    0.036003] Last level dTLB entries: 4KB 64, 2MB 0, 4MB 0, 1GB 4
[    0.040008] Spectre V1 : Mitigation: usercopy/swapgs barriers and __user pointer sanitization
[    0.041713] Spectre V2 : Mitigation: Full generic retpoline
[    0.044004] Spectre V2 : Spectre v2 / SpectreRSB mitigation: Filling RSB on context switch
[    0.045916] Speculative Store Bypass: Vulnerable
[    0.048040] MDS: Vulnerable: Clear CPU buffers attempted, no microcode
[    0.049831] Freeing SMP alternatives memory: 36K
[    0.056000] smpboot: CPU0: Intel(R) Core(TM) i5-8257U CPU @ 1.40GHz (family: 0x6, model: 0x8e, stepping: 0xa)
[    0.056092] Performance Events: unsupported p6 CPU model 142 no PMU driver, software events only.
[    0.060068] Hierarchical SRCU implementation.
[    0.064526] NMI watchdog: Perf event create on CPU 0 failed with -2
[    0.068003] NMI watchdog: Perf NMI watchdog permanently disabled
[    0.076007] smp: Bringing up secondary CPUs ...
[    0.080080] x86: Booting SMP configuration:
[    0.084003] .... node  #0, CPUs:      #1
[    0.004000] kvm-clock: cpu 1, msr 0:3ff44041, secondary cpu clock
[    0.230285] smp: Brought up 1 node, 2 CPUs
[    0.230285] smpboot: Max logical packages: 1
[    0.232006] smpboot: Total of 2 processors activated (5568.00 BogoMIPS)
[    0.233741] devtmpfs: initialized
[    0.233741] x86/mm: Memory block size: 128MB
[    0.236157] evm: security.selinux
[    0.236984] evm: security.SMACK64
[    0.238036] evm: security.SMACK64EXEC
[    0.238967] evm: security.SMACK64TRANSMUTE
[    0.240004] evm: security.SMACK64MMAP
[    0.240953] evm: security.apparmor
[    0.241877] evm: security.ima
[    0.242590] evm: security.capability
[    0.244078] clocksource: jiffies: mask: 0xffffffff max_cycles: 0xffffffff, max_idle_ns: 7645041785100000 ns
[    0.246432] futex hash table entries: 512 (order: 3, 32768 bytes)
[    0.249455] pinctrl core: initialized pinctrl subsystem
[    0.251125] RTC time:  4:40:17, date: 09/11/19
[    0.252219] NET: Registered protocol family 16
[    0.253486] audit: initializing netlink subsys (disabled)
[    0.255032] audit: type=2000 audit(1568176817.219:1): state=initialized audit_enabled=0 res=1
[    0.256007] cpuidle: using governor ladder
[    0.257056] cpuidle: using governor menu
[    0.260035] ACPI: bus type PCI registered
[    0.261053] acpiphp: ACPI Hot Plug PCI Controller Driver version: 0.5
[    0.264109] PCI: Using configuration type 1 for base access
[    0.265482] HugeTLB registered 2.00 MiB page size, pre-allocated 0 pages
[    0.268065] ACPI: Added _OSI(Module Device)
[    0.268952] ACPI: Added _OSI(Processor Device)
[    0.269888] ACPI: Added _OSI(3.0 _SCP Extensions)
[    0.272003] ACPI: Added _OSI(Processor Aggregator Device)
[    0.273101] ACPI: Added _OSI(Linux-Dell-Video)
[    0.274023] ACPI: Added _OSI(Linux-Lenovo-NV-HDMI-Audio)
[    0.275138] ACPI: Added _OSI(Linux-HPI-Hybrid-Graphics)
[    0.276393] ACPI: Executed 1 blocks of module-level executable AML code
[    0.280844] ACPI: Interpreter enabled
[    0.281734] ACPI: (supports S0 S5)
[    0.282460] ACPI: Using IOAPIC for interrupt routing
[    0.283660] PCI: Using host bridge windows from ACPI; if necessary, use "pci=nocrs" and report a bug
[    0.284194] ACPI: Enabled 2 GPEs in block 00 to 07
[    0.292453] ACPI: PCI Root Bridge [PCI0] (domain 0000 [bus 00-ff])
[    0.296010] acpi PNP0A03:00: _OSC: OS supports [ASPM ClockPM Segments MSI]
[    0.300031] acpi PNP0A03:00: _OSC: not requesting OS control; OS requires [ExtendedConfig ASPM ClockPM MSI]
[    0.304026] acpi PNP0A03:00: fail to add MMCONFIG information, can't access extended PCI configuration space under this bridge.
[    0.308458] PCI host bridge to bus 0000:00
[    0.312008] pci_bus 0000:00: root bus resource [io  0x0000-0x0cf7 window]
[    0.316009] pci_bus 0000:00: root bus resource [io  0x0d00-0xffff window]
[    0.320006] pci_bus 0000:00: root bus resource [mem 0x000a0000-0x000bffff window]
[    0.324011] pci_bus 0000:00: root bus resource [mem 0x40000000-0xfdffffff window]
[    0.328008] pci_bus 0000:00: root bus resource [bus 00-ff]
[    0.336177] pci 0000:00:01.1: legacy IDE quirk: reg 0x10: [io  0x01f0-0x01f7]
[    0.338667] pci 0000:00:01.1: legacy IDE quirk: reg 0x14: [io  0x03f6]
[    0.340007] pci 0000:00:01.1: legacy IDE quirk: reg 0x18: [io  0x0170-0x0177]
[    0.344006] pci 0000:00:01.1: legacy IDE quirk: reg 0x1c: [io  0x0376]
[    0.364879] pci 0000:00:07.0: quirk: [io  0x4000-0x403f] claimed by PIIX4 ACPI
[    0.368022] pci 0000:00:07.0: quirk: [io  0x4100-0x410f] claimed by PIIX4 SMB
[    0.381264] ACPI: PCI Interrupt Link [LNKA] (IRQs 5 9 10 *11)
[    0.384318] ACPI: PCI Interrupt Link [LNKB] (IRQs 5 9 *10 11)
[    0.388161] ACPI: PCI Interrupt Link [LNKC] (IRQs 5 *9 10 11)
[    0.392150] ACPI: PCI Interrupt Link [LNKD] (IRQs 5 9 10 *11)
[    0.396414] SCSI subsystem initialized
[    0.400055] pci 0000:00:02.0: vgaarb: setting as boot VGA device
[    0.404000] pci 0000:00:02.0: vgaarb: VGA device added: decodes=io+mem,owns=io+mem,locks=none
[    0.404006] pci 0000:00:02.0: vgaarb: bridge control possible
[    0.408003] vgaarb: loaded
[    0.412048] ACPI: bus type USB registered
[    0.416026] usbcore: registered new interface driver usbfs
[    0.420015] usbcore: registered new interface driver hub
[    0.424029] usbcore: registered new device driver usb
[    0.432034] EDAC MC: Ver: 3.0.0
[    0.436403] PCI: Using ACPI for IRQ routing
[    0.437519] NetLabel: Initializing
[    0.437519] NetLabel:  domain hash size = 128
[    0.438101] NetLabel:  protocols = UNLABELED CIPSOv4 CALIPSO
[    0.439524] NetLabel:  unlabeled traffic allowed by default
[    0.440117] clocksource: Switched to clocksource kvm-clock
[    0.452803] VFS: Disk quotas dquot_6.6.0
[    0.454586] VFS: Dquot-cache hash table entries: 512 (order 0, 4096 bytes)
[    0.456384] AppArmor: AppArmor Filesystem Enabled
[    0.457546] pnp: PnP ACPI init
[    0.459650] pnp: PnP ACPI: found 3 devices
[    0.465805] clocksource: acpi_pm: mask: 0xffffff max_cycles: 0xffffff, max_idle_ns: 2085701024 ns
[    0.467634] NET: Registered protocol family 2
[    0.470051] TCP established hash table entries: 8192 (order: 4, 65536 bytes)
[    0.628426] TCP bind hash table entries: 8192 (order: 5, 131072 bytes)
[    0.828820] TCP: Hash tables configured (established 8192 bind 8192)
[    0.978954] UDP hash table entries: 512 (order: 2, 16384 bytes)
[    1.151116] UDP-Lite hash table entries: 512 (order: 2, 16384 bytes)
[    1.378810] NET: Registered protocol family 1
[    1.502116] pci 0000:00:00.0: Limiting direct PCI/PCI transfers
[    1.507273] pci 0000:00:01.0: Activating ISA DMA hang workarounds
[    1.510007] pci 0000:00:02.0: Video device with shadowed ROM at [mem 0x000c0000-0x000dffff]
[    1.512199] Unpacking initramfs...
[    1.753186] Freeing initrd memory: 19692K
[    1.841744] clocksource: tsc: mask: 0xffffffffffffffff max_cycles: 0x14109b0720d, max_idle_ns: 440795259878 ns
[    2.072765] platform rtc_cmos: registered platform RTC device (no PNP device found)
[    2.219652] Scanning for low memory corruption every 60 seconds
[    2.337399] Initialise system trusted keyrings
[    2.412795] Key type blacklist registered
[    2.489691] workingset: timestamp_bits=36 max_order=18 bucket_order=0
[    2.585029] zbud: loaded
[    2.586221] squashfs: version 4.0 (2009/01/31) Phillip Lougher
[    2.588002] fuse init (API version 7.26)
[    2.596376] Key type asymmetric registered
[    2.597537] Asymmetric key parser 'x509' registered
[    2.599941] Block layer SCSI generic (bsg) driver version 0.4 loaded (major 246)
[    2.601942] io scheduler noop registered
[    2.602921] io scheduler deadline registered
[    2.605063] io scheduler cfq registered (default)
[    2.606678] ACPI: AC Adapter [AC] (on-line)
[    2.607825] input: Power Button as /devices/LNXSYSTM:00/LNXPWRBN:00/input/input0
[    2.609714] ACPI: Power Button [PWRF]
[    2.610798] input: Sleep Button as /devices/LNXSYSTM:00/LNXSLPBN:00/input/input1
[    2.612583] ACPI: Sleep Button [SLPF]
[    2.614806] ACPI: Battery Slot [BAT0] (battery present)
[    2.616179] Serial: 8250/16550 driver, 32 ports, IRQ sharing enabled
[    2.641629] 00:02: ttyS0 at I/O 0x3f8 (irq = 4, base_baud = 115200) is a 16550A
[    2.841487] Linux agpgart interface v0.103
[    2.940163] loop: module loaded
[    3.079425] scsi host0: ata_piix
[    3.178943] scsi host1: ata_piix
[    3.248918] ata1: PATA max UDMA/33 cmd 0x1f0 ctl 0x3f6 bmdma 0xd000 irq 14
[    3.443204] ata2: PATA max UDMA/33 cmd 0x170 ctl 0x376 bmdma 0xd008 irq 15
[    3.592935] libphy: Fixed MDIO Bus: probed
[    3.679395] tun: Universal TUN/TAP device driver, 1.6
[    3.680781] PPP generic driver version 2.4.2
[    3.681819] ehci_hcd: USB 2.0 'Enhanced' Host Controller (EHCI) Driver
[    3.683400] ehci-pci: EHCI PCI platform driver
[    3.684594] ehci-platform: EHCI generic platform driver
[    3.685851] ohci_hcd: USB 1.1 'Open' Host Controller (OHCI) Driver
[    3.687305] ohci-pci: OHCI PCI platform driver
[    3.689542] ohci-platform: OHCI generic platform driver
[    3.690758] uhci_hcd: USB Universal Host Controller Interface driver
[    3.692469] i8042: PNP: PS/2 Controller [PNP0303:PS2K,PNP0f03:PS2M] at 0x60,0x64 irq 1,12
[    3.700651] serio: i8042 KBD port at 0x60,0x64 irq 1
[    3.701774] serio: i8042 AUX port at 0x60,0x64 irq 12
[    3.702873] mousedev: PS/2 mouse device common for all mice
[    3.704222] input: AT Translated Set 2 keyboard as /devices/platform/i8042/serio0/input/input2
[    3.706293] rtc_cmos rtc_cmos: rtc core: registered rtc_cmos as rtc0
[    3.707619] rtc_cmos rtc_cmos: alarms up to one day, 114 bytes nvram
[    3.708947] i2c /dev entries driver
[    3.800247] device-mapper: uevent: version 1.0.3
[    3.817648] device-mapper: ioctl: 4.37.0-ioctl (2017-09-20) initialised: dm-devel@redhat.com
[    3.819933] ledtrig-cpu: registered to indicate activity on CPUs
[    3.822094] NET: Registered protocol family 10
[    3.826983] Segment Routing with IPv6
[    3.827978] NET: Registered protocol family 17
[    3.829319] Key type dns_resolver registered
[    3.830624] mce: Using 0 MCE banks
[    3.831424] RAS: Correctable Errors collector initialized.
[    3.832836] sched_clock: Marking stable (3832818546, 0)->(11497635363, -7664816817)
[    3.835105] registered taskstats version 1
[    3.836115] Loading compiled-in X.509 certificates
[    3.839325] Loaded X.509 cert 'Build time autogenerated kernel key: 9d88e3c0462fa0d2df2917e8bbfdfdd1c55d8ddc'
[    3.841940] zswap: loaded using pool lzo/zbud
[    3.846359] Key type big_key registered
[    3.847420] Key type trusted registered
[    3.849998] Key type encrypted registered
[    3.850989] AppArmor: AppArmor sha1 policy hashing enabled
[    3.852299] ima: No TPM chip found, activating TPM-bypass! (rc=-19)
[    3.853739] ima: Allocated hash algorithm: sha1
[    3.854781] evm: HMAC attrs: 0x1
[    3.855840]   Magic number: 3:399:666
[    3.856752] rtc_cmos rtc_cmos: setting system clock to 2019-09-11 04:40:23 UTC (1568176823)
[    3.858588] BIOS EDD facility v0.16 2004-Jun-25, 0 devices found
[    3.859858] EDD information not available.
[    3.862863] Freeing unused kernel image memory: 2436K
[    3.884319] Write protecting the kernel read-only data: 20480k
[    3.897250] Freeing unused kernel image memory: 2008K
[    3.900343] Freeing unused kernel image memory: 1972K
[    3.914823] x86/mm: Checked W+X mappings: passed, no W+X pages found.
[    3.917371] x86/mm: Checking user space page tables
[    3.923653] x86/mm: Checked W+X mappings: passed, no W+X pages found.
Loading, please wait...
starting version 237
[    3.980007] e1000: Intel(R) PRO/1000 Network Driver - version 7.3.21-k8-NAPI
[    4.055930] e1000: Copyright (c) 1999-2006 Intel Corporation.
[    4.170878] Fusion MPT base driver 3.04.20
[    4.230569] Copyright (c) 1999-2008 LSI Corporation
[    4.312389] Fusion MPT SPI Host driver 3.04.20
[    4.403150] AVX2 version of gcm_enc/dec engaged.
[    4.560065] AES CTR mode by8 optimization enabled
[    4.689760] input: ImExPS/2 Generic Explorer Mouse as /devices/platform/i8042/serio1/input/input4
[    4.751482] vboxvideo: loading out-of-tree module taints kernel.
[    4.753451] vboxvideo: module verification failed: signature and/or required key missing - tainting kernel
[    5.059146] e1000 0000:00:03.0 eth0: (PCI:33MHz:32-bit) 02:76:54:76:58:75
[    5.300420] e1000 0000:00:03.0 eth0: Intel(R) PRO/1000 Network Connection
[    5.403785] mptbase: ioc0: Initiating bringup
[    5.613645] ioc0: LSI53C1030 A0: Capabilities={Initiator}
[    5.985004] scsi host2: ioc0: LSI53C1030 A0, FwRev=00000000h, Ports=1, MaxQ=256, IRQ=20
[    6.258961] [drm] VRAM 01000000
[    6.794498] scsi 2:0:0:0: Direct-Access     VBOX     HARDDISK         1.0  PQ: 0 ANSI: 5
[    8.006765] [TTM] Zone  kernel: Available graphics memory: 504518 kiB
[    8.008564] [TTM] Initializing pool allocator
[    8.014524] [TTM] Initializing DMA pool allocator
[    8.017405] fbcon: vboxdrmfb (fb0) is primary device
[    8.018758] Console: switching to colour frame buffer device 100x37
[    8.021938] vboxvideo 0000:00:02.0: fb0: vboxdrmfb frame buffer device
[    8.032632] [drm] Initialized vboxvideo 1.0.0 20130823 for 0000:00:02.0 on minor 0
[    8.240156] scsi target2:0:0: Beginning Domain Validation
[    8.420753] scsi target2:0:0: Domain Validation skipping write tests
[    8.485581] scsi target2:0:0: Ending Domain Validation
[    8.531480] scsi target2:0:0: asynchronous
[    8.557975] scsi 2:0:1:0: Direct-Access     VBOX     HARDDISK         1.0  PQ: 0 ANSI: 5
[    8.768499] scsi target2:0:1: Beginning Domain Validation
[    8.797067] e1000 0000:00:08.0 eth1: (PCI:33MHz:32-bit) 08:00:27:a0:dd:85
[    9.089544] e1000 0000:00:08.0 eth1: Intel(R) PRO/1000 Network Connection
[    9.092149] random: fast init done
[    9.093873] random: systemd-udevd: uninitialized urandom read (16 bytes read)
[    9.095590] random: systemd-udevd: uninitialized urandom read (16 bytes read)
[    9.095592] scsi target2:0:1: Domain Validation skipping write tests
[    9.097298] random: systemd-udevd: uninitialized urandom read (16 bytes read)
[    9.099257] scsi target2:0:1: Ending Domain Validation
[    9.103208] e1000 0000:00:08.0 enp0s8: renamed from eth1
[    9.105270] scsi target2:0:1: asynchronous
[    9.111484] sd 2:0:0:0: Attached scsi generic sg0 type 0
[    9.112783] sd 2:0:0:0: [sda] 20971520 512-byte logical blocks: (10.7 GB/10.0 GiB)
[    9.112971] sd 2:0:1:0: [sdb] 20480 512-byte logical blocks: (10.5 MB/10.0 MiB)
[    9.114339] sd 2:0:1:0: Attached scsi generic sg1 type 0
[    9.115814] sd 2:0:1:0: [sdb] Write Protect is off
[    9.116900] sd 2:0:0:0: [sda] Write Protect is off
[    9.119119] sd 2:0:1:0: [sdb] Incomplete mode parameter data
[    9.119135] sd 2:0:0:0: [sda] Incomplete mode parameter data
[    9.120339] sd 2:0:1:0: [sdb] Assuming drive cache: write through
[    9.121969] e1000 0000:00:03.0 enp0s3: renamed from eth0
[    9.123092] sd 2:0:0:0: [sda] Assuming drive cache: write through
[    9.125906] sd 2:0:1:0: [sdb] Attached SCSI disk
[    9.244251]  sda: sda1
[    9.354670] sd 2:0:0:0: [sda] Attached SCSI disk
Begin: Loading essential drivers ... [    9.512239] raid6: sse2x1   gen() 12971 MB/s
[    9.668325] raid6: sse2x1   xor()  9513 MB/s
[    9.780325] raid6: sse2x2   gen() 16331 MB/s
[    9.888357] raid6: sse2x2   xor() 10662 MB/s
[   10.004183] raid6: sse2x4   gen() 18840 MB/s
[   10.128015] raid6: sse2x4   xor() 11711 MB/s
[   10.200343] raid6: avx2x1   gen() 25422 MB/s
[   10.312322] raid6: avx2x1   xor() 18288 MB/s
[   10.440120] raid6: avx2x2   gen() 31694 MB/s
[   10.560200] raid6: avx2x2   xor() 19729 MB/s
[   10.672076] raid6: avx2x4   gen() 35801 MB/s
[   10.796080] raid6: avx2x4   xor() 22807 MB/s
[   10.872524] raid6: using algorithm avx2x4 gen() 35801 MB/s
[   10.978398] raid6: .... xor() 22807 MB/s, rmw enabled
[   11.058479] raid6: using avx2x2 recovery algorithm
[   11.194085] xor: automatically using best checksumming function   avx       
[   11.233440] async_tx: api initialized (async)
done.
Begin: Running /scripts/init-premount ... done.
Begin: Mounting root file system ... Begin: Running /scripts/local-top ... done.
Begin: Running /scripts/local-premount ... [   11.277466] Btrfs loaded, crc32c=crc32c-intel
Scanning for Btrfs filesystems
done.
Warning: fsck not present, so skipping root file system
[   11.430441] EXT4-fs (sda1): INFO: recovery required on readonly filesystem
[   11.431833] EXT4-fs (sda1): write access will be enabled during recovery
[   11.449725] EXT4-fs (sda1): recovery complete
[   11.450940] EXT4-fs (sda1): mounted filesystem with ordered data mode. Opts: (null)
done.
Begin: Running /scripts/local-bottom ... done.
Begin: Running /scripts/init-bottom ... done.
[   11.644535] ip_tables: (C) 2000-2006 Netfilter Core Team
[   11.653821] systemd[1]: systemd 237 running in system mode. (+PAM +AUDIT +SELINUX +IMA +APPARMOR +SMACK +SYSVINIT +UTMP +LIBCRYPTSETUP +GCRYPT +GNUTLS +ACL +XZ +LZ4 +SECCOMP +BLKID +ELFUTILS +KMOD -IDN2 +IDN -PCRE2 default-hierarchy=hybrid)
[   11.658365] systemd[1]: Detected virtualization oracle.
[   11.659565] systemd[1]: Detected architecture x86-64.

Welcome to [1mUbuntu 18.04.3 LTS[0m!

[   11.668166] systemd[1]: Set hostname to <ubuntu-bionic>.
[   12.149231] systemd[1]: Set up automount Arbitrary Executable File Formats File System Automount Point.
[[0;32m  OK  [0m] Set up automount Arbitrary Executab…rmats File System Automount Point.
[   12.153444] systemd[1]: Reached target User and Group Name Lookups.
[[0;32m  OK  [0m] Reached target User and Group Name Lookups.
[   12.156383] systemd[1]: Reached target Swap.
[[0;32m  OK  [0m] Reached target Swap.
[   12.161093] systemd[1]: Created slice System Slice.
[[0;32m  OK  [0m] Created slice System Slice.
[   12.163687] systemd[1]: Listening on Journal Audit Socket.
[[0;32m  OK  [0m] Listening on Journal Audit Socket.
[   12.166498] systemd[1]: Listening on Syslog Socket.
[[0;32m  OK  [0m] Listening on Syslog Socket.
[[0;32m  OK  [0m] Listening on LVM2 metadata daemon socket.
[[0;32m  OK  [0m] Listening on Device-mapper event daemon FIFOs.
[[0;32m  OK  [0m] Listening on Network Service Netlink Socket.
[[0;32m  OK  [0m] Listening on Journal Socket.
         Starting Uncomplicated firewall...
         Starting Create list of required st…ce nodes for the current kernel...
         Mounting POSIX Message Queue File System...
         Starting Remount[   12.288711] EXT4-fs (sda1): re-mounted. Opts: (null)
 Root and Kernel File Systems...
[[0;32m  OK  [0m] Listening on udev Control Socket.
         Starting Set the console keyboard layout...
         Mounting Kernel Debug File System...
         Mounting Huge Pages File System...
[[0;32m  OK  [0m] Listening on /dev/initctl Compatibility Named Pipe.
[[0;32m  OK  [0m] Listening on Journal Socket (/dev/log).
         Starting Journal Service...
         Starting Load Kernel Modules...
         Starting Monitoring of LVM2 mirrors…ng dmeventd or progress polling...
[[0;32m  OK  [0m] Listening on udev Kernel Socket.
         Starting udev Coldplug all Devices...
[[0;32m  OK  [0m] Listening on LVM2 poll daemon socket.
[[0;32m  OK  [0[   12.394832] Loading iSCSI transport class v2.0-870.
m] Created slice User and Session Slice.
[[0;32m  OK  [0m] Reached target Slices.
[[0;32m  OK  [0m] Reached target System Time Synchronized.
[[0;32m  OK  [0m] Created slice system-serial\x2dgetty.slice.
[   12.536719] iscsi: registered transport (tcp)
[[0;32m  OK  [0m] Started Forward Password Requ[   12.645264] iscsi: registered transport (iser)
ests to Wall Directory Watch.
[[0;32m  OK  [0m] Started Journal Service.
[[0;32m  OK  [0m] Started Uncomplicated firewall.
[[0;32m  OK  [0m] Started Create list of required sta…vice nodes for the current kernel.
[[0;32m  OK  [0m] Mounted POSIX Message Queue File System.
[[0;32m  OK  [0m] Started Remount Root and Kernel File Systems.
[[0;32m  OK  [0m] Started Set the console keyboard layout.
[[0;32m  OK  [0m] Mounted Kernel Debug File System.
[[0;32m  OK  [0m] Mounted Huge Pages File System.
[[0;32m  OK  [0m] Started Load Kernel Modules.
[[0;32m  OK  [0m] Started LVM2 metadata daemon.
         Mounting Kernel Configuration File System...
         Startin[   13.187815] random: crng init done
g Apply Kernel V[   13.249624] random: 7 urandom warning(s) missed due to ratelimiting
ariables...
         Mounting FUSE Control File System...
         Starting Load/Save Random Seed...
         Starting Create Static Device Nodes in /dev...
         Starting Flush Journal to Persistent Storage...
[[0;32m  OK  [0m] Started Monitoring of LVM2 mirrors,…sing dmeventd or progress polling.
[[0;32m  OK  [0m] Started udev Coldplug all Devices.
[[0;32m  OK  [0m] Mounted Kernel Configuration File System.
[[0;32m  OK  [0m] Mounted FUSE Control File System.
[[0;32m  OK  [0m] Started Load/Save Random Seed.
[[0;32m  OK  [0m] Started Create Static Device Nodes in /dev.
[[0;32m  OK  [0m] Reached target Local File Systems (Pre).
[[0;32m  OK  [0m] Reached target Local File Systems.
         Starting Tell Plymouth To Write Out Runtime Data...
         Starting AppArmor initialization...
         Starting Set console font and keymap...
         Starting ebtables ruleset management...
         Starting udev Kernel Device Manager...
[[0;32m  OK  [0m] Started Apply Kernel Variables.
[[0;32m  OK  [0m] Started Tell Plymouth To Write Out Runtime Data.
[[0;32m  OK  [0m] Started Set console font and keymap.
[[0;32m  OK  [0m] Started udev Kernel Device Manager.
[[0;32m  OK  [0m] Started Dispatch Password Requests to Console Directory Watch.
[[0;32m  OK  [0m] Reached target Local Encrypted Volumes.
[[0;32m  OK  [0m] Started ebtables ruleset management.
[[0;32m  OK  [0m] Started Flush Journal to Persistent Storage.
         Starting Create Volatile Files and Directories...
[[0;32m  OK  [0m] Started Create Volatile Files and Directories.
[[0;32m  OK  [0m] Found device /dev/ttyS0.
[[0;32m  OK  [0m] Started AppArmor initialization.
[[0;32m  OK  [0m] Listening on Load/Save RF Kill Switch Status /dev/rfkill Watch.
         Starting Update UTMP about System Boot/Shutdown...
         Starting Initial cloud-init job (pre-networking)...
[[0;32m  OK  [0m] Started Update UTMP about System Boot/Shutdown.
[   14.886888] cloud-init[552]: Cloud-init v. 19.1-1-gbaa47854-0ubuntu1~18.04.1 running 'init-local' at Wed, 11 Sep 2019 04:40:34 +0000. Up 14.69 seconds.
[[0;32m  OK  [0m] Started Initial cloud-init job (pre-networking).
[[0;32m  OK  [0m] Reached target Network (Pre).
         Starting Network Service...
[[0;32m  OK  [0m] Started Network Service.
         Starting Wait for Network to be Configured...
         Starting Network Name Resolution...
[[0;32m  OK  [0m] Started Network Name Resolution.
[[0;32m  OK  [0m] Reached target Host and Network Name Lookups.
[[0;32m  OK  [0m] Reached target Network.
[[0;32m  OK  [0m] Started Wait for Network to be Configured.
         Starting Initial cloud-init job (metadata service crawler)...
[   17.497101] cloud-init[719]: Cloud-init v. 19.1-1-gbaa47854-0ubuntu1~18.04.1 running 'init' at Wed, 11 Sep 2019 04:40:37 +0000. Up 17.38 seconds.
[   17.509266] cloud-init[719]: ci-info: ++++++++++++++++++++++++++++++++++++++Net device info+++++++++++++++++++++++++++++++++++++++
[   17.511455] cloud-init[719]: ci-info: +--------+------+-----------------------------+---------------+--------+-------------------+
[   17.513540] cloud-init[719]: ci-info: | Device |  Up  |           Address           |      Mask     | Scope  |     Hw-Address    |
[   17.524271] cloud-init[719]: ci-info: +--------+------+-----------------------------+---------------+--------+-------------------+
[   17.526395] cloud-init[719]: ci-info: | enp0s3 | True |          10.0.2.15          | 255.255.255.0 | global | 02:76:54:76:58:75 |
[   17.564358] cloud-init[719]: ci-info: | enp0s3 | True |  fe80::76:54ff:fe76:5875/64 |       .       |  link  | 02:76:54:76:58:75 |
[   17.606923] cloud-init[719]: ci-info: | enp0s8 | True |        192.168.33.10        | 255.255.255.0 | global | 08:00:27:a0:dd:85 |
[   17.609473] cloud-init[719]: ci-info: | enp0s8 | True | fe80::a00:27ff:fea0:dd85/64 |       .       |  link  | 08:00:27:a0:dd:85 |
[   17.611667] cloud-init[719]: ci-info: |   lo   | True |          127.0.0.1          |   255.0.0.0   |  host  |         .         |
[   17.613898] cloud-init[719]: ci-info: |   lo   | True |           ::1/128           |       .       |  host  |         .         |
[   17.616142] cloud-init[719]: ci-info: +--------+------+-----------------------------+---------------+--------+-------------------+
[   17.618330] cloud-init[719]: ci-info: +++++++++++++++++++++++++++++Route IPv4 info+++++++++++++++++++++++++++++
[   17.620333] cloud-init[719]: ci-info: +-------+--------------+----------+-----------------+-----------+-------+
[   17.632499] cloud-init[719]: ci-info: | Route | Destination  | Gateway  |     Genmask     | Interface | Flags |
[   17.636833] cloud-init[719]: ci-info: +-------+--------------+----------+-----------------+-----------+-------+
[   17.638630] cloud-init[719]: ci-info: |   0   |   0.0.0.0    | 10.0.2.2 |     0.0.0.0     |   enp0s3  |   UG  |
[   17.640394] cloud-init[719]: ci-info: |   1   |   10.0.2.0   | 0.0.0.0  |  255.255.255.0  |   enp0s3  |   U   |
[   17.642198] cloud-init[719]: ci-info: |   2   |   10.0.2.2   | 0.0.0.0  | 255.255.255.255 |   enp0s3  |   UH  |
[   17.643967] cloud-init[719]: ci-info: |   3   | 192.168.33.0 | 0.0.0.0  |  255.255.255.0  |   enp0s8  |   U   |
[   17.645761] cloud-init[719]: ci-info: +-------+--------------+----------+-----------------+-----------+-------+
[   17.647510] cloud-init[719]: ci-info: +++++++++++++++++++Route IPv6 info+++++++++++++++++++
[   17.649010] cloud-init[719]: ci-info: +-------+-------------+---------+-----------+-------+
[   17.650466] cloud-init[719]: ci-info: | Route | Destination | Gateway | Interface | Flags |
[   17.651924] cloud-init[719]: ci-info: +-------+-------------+---------+-----------+-------+
[   17.653411] cloud-init[719]: ci-info: |   1   |  fe80::/64  |    ::   |   enp0s8  |   U   |
[   17.654871] cloud-init[719]: ci-info: |   2   |  fe80::/64  |    ::   |   enp0s3  |   U   |
[   17.656358] cloud-init[719]: ci-info: |   4   |    local    |    ::   |   enp0s3  |   U   |
[   17.657816] cloud-init[719]: ci-info: |   5   |    local    |    ::   |   enp0s8  |   U   |
[   17.659278] cloud-init[719]: ci-info: |   6   |   ff00::/8  |    ::   |   enp0s8  |   U   |
[   17.660778] cloud-init[719]: ci-info: |   7   |   ff00::/8  |    ::   |   enp0s3  |   U   |
[   17.662245] cloud-init[719]: ci-info: +-------+-------------+---------+-----------+-------+
[[0;32m  OK  [0m] Started Initial cloud-init job (metadata service crawler).
[[0;32m  OK  [0m] Reached target System Initialization.
[[0;32m  OK  [0m] Listening on UUID daemon activation socket.
[[0;32m  OK  [0m] Started Message of the Day.
[[0;32m  OK  [0m] Started ACPI Events Check.
         Starting LXD - unix socket.
[[0;32m  OK  [0m] Started Daily apt download activities.
[[0;32m  OK  [0m] Started Daily apt upgrade and clean activities.
[[0;32m  OK  [0m] Started Daily Cleanup of Temporary Directories.
         Starting Socket activation for snappy daemon.
[[0;32m  OK  [0m] Started Discard unused blocks once a week.
[[0;32m  OK  [0m] Reached target Paths.
[[0;32m  OK  [0m] Listening on Open-iSCSI iscsid Socket.
[[0;32m  OK  [0m] Reached target Timers.
[[0;32m  OK  [0m] Listening on ACPID Listen Socket.
[[0;32m  OK  [0m] Listening on D-Bus System Message Bus Socket.
[[0;32m  OK  [0m] Reached target Network is Online.
         Starting Availability of block devices...
[[0;32m  OK  [0m] Reached target Remote File Systems (Pre).
[[0;32m  OK  [0m] Reached target Remote File Systems.
[[0;32m  OK  [0m] Reached target Cloud-config availability.
[[0;32m  OK  [0m] Listening on LXD - unix socket.
[[0;32m  OK  [0m] Listening on Socket activation for snappy daemon.
[[0;32m  OK  [0m] Reached target Sockets.
[[0;32m  OK  [0m] Reached target Basic System.
         Starting LXD - container startup/shutdown...
         Starting Permit User Sessions...
         Starting System Logging Service...
[[0;32m  OK  [0m] Started Regular background program processing daemon.
[[0;32m  OK  [0m] Started D-Bus System Message Bus.
         Starting Dispatcher daemon for systemd-networkd...
         Starting Snappy daemon...
         Starting Accounts Service...
         Starting Login Service...
         Starting LSB: automatic crash report generation...
         Starting LSB: Record successful boot for GRUB...
[[0;32m  OK  [0m] Started FUSE filesystem for LXC.
[[0;32m  OK  [0m] Started Deferred execution scheduler.
         Starting vboxadd.service...
[[0;32m  OK  [0m] Started irqbalance daemon.
         Starting OpenBSD Secure Shell server...
[[0;32m  OK  [0m] Started System Logging Service.
[[0;32m  OK  [0m] Started Dispatcher daemon for systemd-networkd.
[[0;32m  OK  [0m] Started Availability of block devices.
[[0;32m  OK  [0m] Started LXD - container startup/shutdown.
[[0;32m  OK  [0m] Started Permit User Sessions.
[[0;32m  OK  [0m] Started Login Service.
[[0;32m  OK  [0m] Started OpenBSD Secure Shell server.
[[0;32m  OK  [0m] Started LSB: automatic crash report generation.
[[0;32m  OK  [0m] Started LSB: Record successful boot for GRUB.
         Starting Authorization Manager...
[[0;32m  OK  [0m] Started Unattended Upgrades Shutdown.
         Starting Hold until boot process finishes up...
         Starting Terminate Plymouth Boot Screen...
[[0;32m  OK  [0m] Started Hold until boot process finishes up.
[[0;32m  OK  [0m] Started Snappy daemon.
[[0;32m  OK  [0m] Started vboxadd.service.
[[0;32m  OK  [0m] Started Terminate Plymouth Boot Screen.
[[0;32m  OK  [0m] Started Authorization Manager.
[[0;32m  OK  [0m] Started Accounts Service.
         Starting vboxadd-service.service...
         Starting Wait until snapd is fully seeded...
         Starting Set console scheme...
[[0;32m  OK  [0m] Started Serial Getty on ttyS0.
[[0;32m  OK  [0m] Started Set console scheme.
[[0;32m  OK  [0m] Started Wait until snapd is fully seeded.
[[0;32m  OK  [0m] Started vboxadd-service.service.
         Starting Apply the settings specified in cloud-config...
[[0;32m  OK  [0m] Created slice system-getty.slice.
[[0;32m  OK  [0m] Started Getty on tty1.
[[0;32m  OK  [0m] Reached target Login Prompts.
[[0;32m  OK  [0m] Reached target Multi-User System.
[[0;32m  OK  [0m] Reached target Graphical Interface.
         Starting Update UTMP about System Runlevel Changes...
[[0;32m  OK  [0m] Started Update UTMP about System Runlevel Changes.
[[0;32m  OK  [0m] Created slice User Slice of vagrant.
[   19.196268] cloud-init[1178]: Cloud-init v. 19.1-1-gbaa47854-0ubuntu1~18.04.1 running 'modules:config' at Wed, 11 Sep 2019 04:40:38 +0000. Up 19.10 seconds.
         Starting User Manager for UID 1000...
[[0;32m  OK  [0m] Started User Manager for UID 1000.
[[0;32m  OK  [0m] Started Apply the settings specified in cloud-config.
[[0;32m  OK  [0m] Started Session 1 of user vagrant.
         Starting Execute cloud user/final scripts...
[   19.751067] cloud-init[1260]: Cloud-init v. 19.1-1-gbaa47854-0ubuntu1~18.04.1 running 'modules:final' at Wed, 11 Sep 2019 04:40:39 +0000. Up 19.66 seconds.
[   19.770522] cloud-init[1260]: Cloud-init v. 19.1-1-gbaa47854-0ubuntu1~18.04.1 finished at Wed, 11 Sep 2019 04:40:39 +0000. Datasource DataSourceNoCloud [seed=/dev/sdb][dsmode=net].  Up 19.74 seconds
[[0;32m  OK  [0m] Started Execute cloud user/final scripts.
[[0;32m  OK  [0m] Reached target Cloud-init target.

Ubuntu 18.04.3 LTS ubuntu-bionic ttyS0

ubuntu-bionic login: 